<?xml version="1.0" encoding="UTF-8"?>
<!-- Generated by org.testng.reporters.JUnitReportReporter -->
<testsuite hostname="DESKTOP-HF98ENL" failures="0" tests="1" name="cucumber.TestngRunner" time="5.204" errors="0" timestamp="2025-08-28T15:14:26 IST" skipped="0">
  <testcase classname="cucumber.TestngRunner" name="runScenario" time="5.204"/>
</testsuite> <!-- cucumber.TestngRunner -->
