<?xml version="1.0" encoding="UTF-8"?>
<!-- Generated by org.testng.reporters.JUnitReportReporter -->
<testsuite hostname="DESKTOP-HF98ENL" failures="0" tests="3" name="SeleniumFrameWorks.StandAloneTest2" time="20.151" errors="0" timestamp="2025-08-28T14:13:09 IST" skipped="0">
  <testcase classname="SeleniumFrameWorks.StandAloneTest2" name="submitOrder" time="9.756"/>
  <testcase classname="SeleniumFrameWorks.StandAloneTest2" name="submitOrder" time="7.654"/>
  <testcase classname="SeleniumFrameWorks.StandAloneTest2" name="orderVerifyInList" time="2.741"/>
</testsuite> <!-- SeleniumFrameWorks.StandAloneTest2 -->
