<?xml version="1.0" encoding="UTF-8"?>
<!-- Generated by org.testng.reporters.JUnitReportReporter -->
<testsuite hostname="DESKTOP-HF98ENL" failures="0" tests="1" name="cucumber.TestngRunner" time="3.432" errors="0" timestamp="2025-08-28T15:37:10 IST" skipped="0">
  <testcase classname="cucumber.TestngRunner" name="runScenario" time="3.432"/>
</testsuite> <!-- cucumber.TestngRunner -->
